Arguments: 
  /usr/local/Cellar/node/15.1.0/bin/node /usr/local/Cellar/yarn/1.22.4/libexec/bin/yarn.js install

PATH: 
  /usr/local/sbin:/Users/ylahbibi/.composer/vendor/bin:/usr/local/bin:/usr/bin:/bin:/usr/sbin:/sbin:/Library/Apple/usr/bin:/usr/local/sbin:/Users/ylahbibi/.composer/vendor/bin

Yarn version: 
  1.22.4

Node version: 
  15.1.0

Platform: 
  darwin x64

Trace: 
  SyntaxError: /Users/ylahbibi/Documents/Developpement/laravel-nova-nested-form/package.json: Unexpected token < in JSON at position 1199
      at JSON.parse (<anonymous>)
      at /usr/local/Cellar/yarn/1.22.4/libexec/lib/cli.js:1625:59
      at Generator.next (<anonymous>)
      at step (/usr/local/Cellar/yarn/1.22.4/libexec/lib/cli.js:310:30)
      at /usr/local/Cellar/yarn/1.22.4/libexec/lib/cli.js:321:13

npm manifest: 
  {
    "private": true,
    "publishConfig": {
      "registry": "https://npm.pkg.github.com/"
    },
    "scripts": {
      "commit": "git-cz",
      "dev": "npm run development",
      "development": "cross-env NODE_ENV=development node_modules/webpack/bin/webpack.js --progress --hide-modules --config=node_modules/laravel-mix/setup/webpack.config.js",
      "watch": "cross-env NODE_ENV=development node_modules/webpack/bin/webpack.js --watch --progress --hide-modules --config=node_modules/laravel-mix/setup/webpack.config.js",
      "watch-poll": "npm run watch -- --watch-poll",
      "hot": "cross-env NODE_ENV=development node_modules/webpack-dev-server/bin/webpack-dev-server.js --inline --hot --config=node_modules/laravel-mix/setup/webpack.config.js",
      "prod": "npm run production",
      "production": "cross-env NODE_ENV=production node_modules/webpack/bin/webpack.js --progress --hide-modules --config=node_modules/laravel-mix/setup/webpack.config.js"
    },
    "devDependencies": {
      "acorn": "^8.0.4",
      "cross-env": "^7.0.3",
      "git-cz": "^4.7.6",
      "laravel-mix": "^5.0.9",
      "laravel-nova": "^1.6.0",
      "laravel-vapor": "^0.4.1",
      "minimist": "^1.2.2",
      "resolve-url-loader": "^3.1.2",
  <<<<<<< HEAD
      "serialize-javascript": "^5.0.1",
  =======
      "serialize-javascript": "^3.1.0",
  >>>>>>> 09ac33603232b4de9ad73e27f0903ab046ce5e7a
      "vue-template-compiler": "^2.6.12"
    },
    "dependencies": {
      "vue": "^2.6.12"
    }
  }

yarn manifest: 
  No manifest

Lockfile: 
  No lockfile
